[kbplacer_plugin_action.py:65]: Plugin version: 0.13
[kbplacer_plugin_action.py:66]: Python version: '3.11.5 (main, Jun 15 2025, 06:45:45) [MSC v.1942 64 bit (AMD64)]'
[kbplacer_plugin_action.py:67]: KiCad version: 9.0.3 with 4.2.2 msw (phoenix) wxWidgets 3.2.8
[kbplacer_dialog.py:586]: Language: en
[kbplacer_plugin_action.py:75]: GUI state: {"layout_path": "C:\\Users\\az\\Documents\\GitHub\\kb.Plain48\\plain.json", "key_distance": [19.05, 19.05], "key_info": {"annotation_format": "SW{}", "position_option": "Default", "position": {"x": 0.0, "y": 0.0, "orientation": 180.0, "side": "Front"}, "template_path": ""}, "enable_diode_placement": true, "route_switches_with_diodes": false, "optimize_diodes_orientation": false, "diode_info": {"annotation_format": "D{}", "position_option": "Custom", "position": {"x": 0.0, "y": -8.5, "orientation": 180.0, "side": "Front"}, "template_path": ""}, "additional_elements": [{"annotation_format": "ST{}", "position_option": "Custom", "position": {"x": 0.0, "y": 0.0, "orientation": 0.0, "side": "Front"}, "template_path": ""}], "route_rows_and_columns": false, "template_path": "", "generate_outline": false, "outline_delta": 0.0}
[key_placer.py:362]: Set key 1U distance: 19050000/19050000
[key_placer.py:124]: Switches by nets: defaultdict(<class 'list'>, {frozenset({'Col1', 'Row3'}): ['SW25'], frozenset({'Col4', 'Row2'}): ['SW16'], frozenset({'Col5', 'Row1'}): ['SW5'], frozenset({'Col7', 'Row3'}): ['SW31'], frozenset({'Row1', 'Col6'}): ['SW6'], frozenset({'Col5', 'Row4'}): ['SW41'], frozenset({'Col8', 'Row1'}): ['SW8'], frozenset({'Col10', 'Row4'}): ['SW46'], frozenset({'Col8', 'Row3'}): ['SW32'], frozenset({'Col4', 'Row3'}): ['SW28'], frozenset({'Col10', 'Row1'}): ['SW10'], frozenset({'Col11', 'Row3'}): ['SW35'], frozenset({'Col6', 'Row3'}): ['SW30'], frozenset({'Row4', 'Col3'}): ['SW39'], frozenset({'Row3', 'Col3'}): ['SW27'], frozenset({'Col12', 'Row3'}): ['SW36'], frozenset({'Row3', 'Col9'}): ['SW33'], frozenset({'Row1', 'Col4'}): ['SW4'], frozenset({'Row2', 'Col2'}): ['SW14'], frozenset({'Col11', 'Row2'}): ['SW23'], frozenset({'Col1', 'Row2'}): ['SW13'], frozenset({'Col11', 'Row1'}): ['SW11'], frozenset({'Row1', 'Col9'}): ['SW9'], frozenset({'Row1', 'Col12'}): ['SW12'], frozenset({'Row1', 'Col3'}): ['SW3'], frozenset({'Col5', 'Row2'}): ['SW17'], frozenset({'Row2', 'Col9'}): ['SW21'], frozenset({'Col12', 'Row4'}): ['SW48'], frozenset({'Col1', 'Row1'}): ['SW1'], frozenset({'Row2', 'Col7'}): ['SW19'], frozenset({'Col4', 'Row4'}): ['SW40'], frozenset({'Col1', 'Row4'}): ['SW37'], frozenset({'Col11', 'Row4'}): ['SW47'], frozenset({'Col6', 'Row2'}): ['SW18'], frozenset({'Row1', 'Col2'}): ['SW2'], frozenset({'Row1', 'Col7'}): ['SW7'], frozenset({'Col2', 'Row3'}): ['SW26'], frozenset({'Col8', 'Row2'}): ['SW20'], frozenset({'Row2', 'Col12'}): ['SW24'], frozenset({'Row2', 'Col3'}): ['SW15'], frozenset({'Col10', 'Row2'}): ['SW22'], frozenset({'Col7', 'Row4'}): ['SW43'], frozenset({'Col10', 'Row3'}): ['SW34'], frozenset({'Col2', 'Row4'}): ['SW38'], frozenset({'Col5', 'Row3'}): ['SW29'], frozenset({'Col8', 'Row4'}): ['SW44'], frozenset({'Col6', 'Row4'}): ['SW42'], frozenset({'Row4', 'Col9'}): ['SW45']})
[key_placer.py:128]: Diodes by switch: {'SW31': ['D31'], 'SW33': ['D33'], 'SW27': ['D27'], 'SW4': ['D4'], 'SW25': ['D25'], 'SW14': ['D14'], 'SW21': ['D21'], 'SW46': ['D46'], 'SW38': ['D38'], 'SW20': ['D20'], 'SW12': ['D12'], 'SW36': ['D36'], 'SW28': ['D28'], 'SW19': ['D19'], 'SW11': ['D11'], 'SW43': ['D43'], 'SW41': ['D41'], 'SW26': ['D26'], 'SW40': ['D40'], 'SW37': ['D37'], 'SW42': ['D42'], 'SW7': ['D7'], 'SW3': ['D3'], 'SW30': ['D30'], 'SW39': ['D39'], 'SW32': ['D32'], 'SW13': ['D13'], 'SW23': ['D23'], 'SW24': ['D24'], 'SW17': ['D17'], 'SW9': ['D9'], 'SW1': ['D1'], 'SW34': ['D34'], 'SW45': ['D45'], 'SW6': ['D6'], 'SW22': ['D22'], 'SW48': ['D48'], 'SW29': ['D29'], 'SW2': ['D2'], 'SW5': ['D5'], 'SW10': ['D10'], 'SW47': ['D47'], 'SW15': ['D15'], 'SW44': ['D44'], 'SW16': ['D16'], 'SW35': ['D35'], 'SW18': ['D18'], 'SW8': ['D8']}
[kle_serial.py:897]: User layout: [{'name': 'Planck'}, ['Esc', 'Q', 'W', 'E', 'R', 'T', {'x': 1.2000000000000002}, 'Y', 'U', 'I', 'O', 'P', 'Back'], ['Tab', 'A', 'S', 'D', 'F', 'G', {'x': 1.2000000000000002}, 'H', 'J', 'K', 'L', ';', 'Enter'], ['Shift', 'Z', 'X', 'C', 'V', 'B', {'x': 1.2000000000000002}, 'N', 'M', ',', '.', '/', 'Shift'], ['Ctrl', 'Mod', 'Alt', 'Fn', {'a': 7}, '', '', {'x': 1.2000000000000002}, '', '', {'a': 4}, 'Fn', 'Alt', 'Mod', 'Ctrl']]
[key_placer.py:662]: Layout offset: (28575000, 28575000)
[board_modifier.py:85]: Setting SW1 footprint position: (38100000, 38100000)
[board_modifier.py:85]: Setting SW2 footprint position: (57150000, 38100000)
[board_modifier.py:85]: Setting SW3 footprint position: (76200000, 38100000)
[board_modifier.py:85]: Setting SW4 footprint position: (95250000, 38100000)
[board_modifier.py:85]: Setting SW5 footprint position: (114300000, 38100000)
[board_modifier.py:85]: Setting SW6 footprint position: (133350000, 38100000)
[board_modifier.py:85]: Setting SW7 footprint position: (175260000, 38100000)
[board_modifier.py:85]: Setting SW8 footprint position: (194310000, 38100000)
[board_modifier.py:85]: Setting SW9 footprint position: (213360000, 38100000)
[board_modifier.py:85]: Setting SW10 footprint position: (232410000, 38100000)
[board_modifier.py:85]: Setting SW11 footprint position: (251460000, 38100000)
[board_modifier.py:85]: Setting SW12 footprint position: (270510000, 38100000)
[board_modifier.py:85]: Setting SW13 footprint position: (38100000, 57150000)
[board_modifier.py:85]: Setting SW14 footprint position: (57150000, 57150000)
[board_modifier.py:85]: Setting SW15 footprint position: (76200000, 57150000)
[board_modifier.py:85]: Setting SW16 footprint position: (95250000, 57150000)
[board_modifier.py:85]: Setting SW17 footprint position: (114300000, 57150000)
[board_modifier.py:85]: Setting SW18 footprint position: (133350000, 57150000)
[board_modifier.py:85]: Setting SW19 footprint position: (175260000, 57150000)
[board_modifier.py:85]: Setting SW20 footprint position: (194310000, 57150000)
[board_modifier.py:85]: Setting SW21 footprint position: (213360000, 57150000)
[board_modifier.py:85]: Setting SW22 footprint position: (232410000, 57150000)
[board_modifier.py:85]: Setting SW23 footprint position: (251460000, 57150000)
[board_modifier.py:85]: Setting SW24 footprint position: (270510000, 57150000)
[board_modifier.py:85]: Setting SW25 footprint position: (38100000, 76200000)
[board_modifier.py:85]: Setting SW26 footprint position: (57150000, 76200000)
[board_modifier.py:85]: Setting SW27 footprint position: (76200000, 76200000)
[board_modifier.py:85]: Setting SW28 footprint position: (95250000, 76200000)
[board_modifier.py:85]: Setting SW29 footprint position: (114300000, 76200000)
[board_modifier.py:85]: Setting SW30 footprint position: (133350000, 76200000)
[board_modifier.py:85]: Setting SW31 footprint position: (175260000, 76200000)
[board_modifier.py:85]: Setting SW32 footprint position: (194310000, 76200000)
[board_modifier.py:85]: Setting SW33 footprint position: (213360000, 76200000)
[board_modifier.py:85]: Setting SW34 footprint position: (232410000, 76200000)
[board_modifier.py:85]: Setting SW35 footprint position: (251460000, 76200000)
[board_modifier.py:85]: Setting SW36 footprint position: (270510000, 76200000)
[board_modifier.py:85]: Setting SW37 footprint position: (38100000, 95250000)
[board_modifier.py:85]: Setting SW38 footprint position: (57150000, 95250000)
[board_modifier.py:85]: Setting SW39 footprint position: (76200000, 95250000)
[board_modifier.py:85]: Setting SW40 footprint position: (95250000, 95250000)
[board_modifier.py:85]: Setting SW41 footprint position: (114300000, 95250000)
[board_modifier.py:85]: Setting SW42 footprint position: (133350000, 95250000)
[board_modifier.py:85]: Setting SW43 footprint position: (175260000, 95250000)
[board_modifier.py:85]: Setting SW44 footprint position: (194310000, 95250000)
[board_modifier.py:85]: Setting SW45 footprint position: (213360000, 95250000)
[board_modifier.py:85]: Setting SW46 footprint position: (232410000, 95250000)
[board_modifier.py:85]: Setting SW47 footprint position: (251460000, 95250000)
[board_modifier.py:85]: Setting SW48 footprint position: (270510000, 95250000)
[key_placer.py:999]: Diode info: [ElementInfo(annotation_format='D{}', position_option=<PositionOption.CUSTOM: 'Custom'>, position=ElementPosition(x=0.0, y=-8.5, orientation=180.0, side=<Side.FRONT: 'Front'>), template_path='')]
[board_modifier.py:98]: Getting SW1 footprint position: (38100000, 38100000)
[board_modifier.py:85]: Setting D1 footprint position: (38100000, 46600000)
[board_modifier.py:98]: Getting D1 footprint position: (38100000, 46600000)
[board_modifier.py:98]: Getting SW2 footprint position: (57150000, 38100000)
[board_modifier.py:85]: Setting D2 footprint position: (57150000, 46600000)
[board_modifier.py:98]: Getting D2 footprint position: (57150000, 46600000)
[board_modifier.py:98]: Getting SW3 footprint position: (76200000, 38100000)
[board_modifier.py:85]: Setting D3 footprint position: (76200000, 46600000)
[board_modifier.py:98]: Getting D3 footprint position: (76200000, 46600000)
[board_modifier.py:98]: Getting SW4 footprint position: (95250000, 38100000)
[board_modifier.py:85]: Setting D4 footprint position: (95250000, 46600000)
[board_modifier.py:98]: Getting D4 footprint position: (95250000, 46600000)
[board_modifier.py:98]: Getting SW5 footprint position: (114300000, 38100000)
[board_modifier.py:85]: Setting D5 footprint position: (114300000, 46600000)
[board_modifier.py:98]: Getting D5 footprint position: (114300000, 46600000)
[board_modifier.py:98]: Getting SW6 footprint position: (133350000, 38100000)
[board_modifier.py:85]: Setting D6 footprint position: (133350000, 46600000)
[board_modifier.py:98]: Getting D6 footprint position: (133350000, 46600000)
[board_modifier.py:98]: Getting SW7 footprint position: (175260000, 38100000)
[board_modifier.py:85]: Setting D7 footprint position: (175260000, 46600000)
[board_modifier.py:98]: Getting D7 footprint position: (175260000, 46600000)
[board_modifier.py:98]: Getting SW8 footprint position: (194310000, 38100000)
[board_modifier.py:85]: Setting D8 footprint position: (194310000, 46600000)
[board_modifier.py:98]: Getting D8 footprint position: (194310000, 46600000)
[board_modifier.py:98]: Getting SW9 footprint position: (213360000, 38100000)
[board_modifier.py:85]: Setting D9 footprint position: (213360000, 46600000)
[board_modifier.py:98]: Getting D9 footprint position: (213360000, 46600000)
[board_modifier.py:98]: Getting SW10 footprint position: (232410000, 38100000)
[board_modifier.py:85]: Setting D10 footprint position: (232410000, 46600000)
[board_modifier.py:98]: Getting D10 footprint position: (232410000, 46600000)
[board_modifier.py:98]: Getting SW11 footprint position: (251460000, 38100000)
[board_modifier.py:85]: Setting D11 footprint position: (251460000, 46600000)
[board_modifier.py:98]: Getting D11 footprint position: (251460000, 46600000)
[board_modifier.py:98]: Getting SW12 footprint position: (270510000, 38100000)
[board_modifier.py:85]: Setting D12 footprint position: (270510000, 46600000)
[board_modifier.py:98]: Getting D12 footprint position: (270510000, 46600000)
[board_modifier.py:98]: Getting SW13 footprint position: (38100000, 57150000)
[board_modifier.py:85]: Setting D13 footprint position: (38100000, 65650000)
[board_modifier.py:98]: Getting D13 footprint position: (38100000, 65650000)
[board_modifier.py:98]: Getting SW14 footprint position: (57150000, 57150000)
[board_modifier.py:85]: Setting D14 footprint position: (57150000, 65650000)
[board_modifier.py:98]: Getting D14 footprint position: (57150000, 65650000)
[board_modifier.py:98]: Getting SW15 footprint position: (76200000, 57150000)
[board_modifier.py:85]: Setting D15 footprint position: (76200000, 65650000)
[board_modifier.py:98]: Getting D15 footprint position: (76200000, 65650000)
[board_modifier.py:98]: Getting SW16 footprint position: (95250000, 57150000)
[board_modifier.py:85]: Setting D16 footprint position: (95250000, 65650000)
[board_modifier.py:98]: Getting D16 footprint position: (95250000, 65650000)
[board_modifier.py:98]: Getting SW17 footprint position: (114300000, 57150000)
[board_modifier.py:85]: Setting D17 footprint position: (114300000, 65650000)
[board_modifier.py:98]: Getting D17 footprint position: (114300000, 65650000)
[board_modifier.py:98]: Getting SW18 footprint position: (133350000, 57150000)
[board_modifier.py:85]: Setting D18 footprint position: (133350000, 65650000)
[board_modifier.py:98]: Getting D18 footprint position: (133350000, 65650000)
[board_modifier.py:98]: Getting SW19 footprint position: (175260000, 57150000)
[board_modifier.py:85]: Setting D19 footprint position: (175260000, 65650000)
[board_modifier.py:98]: Getting D19 footprint position: (175260000, 65650000)
[board_modifier.py:98]: Getting SW20 footprint position: (194310000, 57150000)
[board_modifier.py:85]: Setting D20 footprint position: (194310000, 65650000)
[board_modifier.py:98]: Getting D20 footprint position: (194310000, 65650000)
[board_modifier.py:98]: Getting SW21 footprint position: (213360000, 57150000)
[board_modifier.py:85]: Setting D21 footprint position: (213360000, 65650000)
[board_modifier.py:98]: Getting D21 footprint position: (213360000, 65650000)
[board_modifier.py:98]: Getting SW22 footprint position: (232410000, 57150000)
[board_modifier.py:85]: Setting D22 footprint position: (232410000, 65650000)
[board_modifier.py:98]: Getting D22 footprint position: (232410000, 65650000)
[board_modifier.py:98]: Getting SW23 footprint position: (251460000, 57150000)
[board_modifier.py:85]: Setting D23 footprint position: (251460000, 65650000)
[board_modifier.py:98]: Getting D23 footprint position: (251460000, 65650000)
[board_modifier.py:98]: Getting SW24 footprint position: (270510000, 57150000)
[board_modifier.py:85]: Setting D24 footprint position: (270510000, 65650000)
[board_modifier.py:98]: Getting D24 footprint position: (270510000, 65650000)
[board_modifier.py:98]: Getting SW25 footprint position: (38100000, 76200000)
[board_modifier.py:85]: Setting D25 footprint position: (38100000, 84700000)
[board_modifier.py:98]: Getting D25 footprint position: (38100000, 84700000)
[board_modifier.py:98]: Getting SW26 footprint position: (57150000, 76200000)
[board_modifier.py:85]: Setting D26 footprint position: (57150000, 84700000)
[board_modifier.py:98]: Getting D26 footprint position: (57150000, 84700000)
[board_modifier.py:98]: Getting SW27 footprint position: (76200000, 76200000)
[board_modifier.py:85]: Setting D27 footprint position: (76200000, 84700000)
[board_modifier.py:98]: Getting D27 footprint position: (76200000, 84700000)
[board_modifier.py:98]: Getting SW28 footprint position: (95250000, 76200000)
[board_modifier.py:85]: Setting D28 footprint position: (95250000, 84700000)
[board_modifier.py:98]: Getting D28 footprint position: (95250000, 84700000)
[board_modifier.py:98]: Getting SW29 footprint position: (114300000, 76200000)
[board_modifier.py:85]: Setting D29 footprint position: (114300000, 84700000)
[board_modifier.py:98]: Getting D29 footprint position: (114300000, 84700000)
[board_modifier.py:98]: Getting SW30 footprint position: (133350000, 76200000)
[board_modifier.py:85]: Setting D30 footprint position: (133350000, 84700000)
[board_modifier.py:98]: Getting D30 footprint position: (133350000, 84700000)
[board_modifier.py:98]: Getting SW31 footprint position: (175260000, 76200000)
[board_modifier.py:85]: Setting D31 footprint position: (175260000, 84700000)
[board_modifier.py:98]: Getting D31 footprint position: (175260000, 84700000)
[board_modifier.py:98]: Getting SW32 footprint position: (194310000, 76200000)
[board_modifier.py:85]: Setting D32 footprint position: (194310000, 84700000)
[board_modifier.py:98]: Getting D32 footprint position: (194310000, 84700000)
[board_modifier.py:98]: Getting SW33 footprint position: (213360000, 76200000)
[board_modifier.py:85]: Setting D33 footprint position: (213360000, 84700000)
[board_modifier.py:98]: Getting D33 footprint position: (213360000, 84700000)
[board_modifier.py:98]: Getting SW34 footprint position: (232410000, 76200000)
[board_modifier.py:85]: Setting D34 footprint position: (232410000, 84700000)
[board_modifier.py:98]: Getting D34 footprint position: (232410000, 84700000)
[board_modifier.py:98]: Getting SW35 footprint position: (251460000, 76200000)
[board_modifier.py:85]: Setting D35 footprint position: (251460000, 84700000)
[board_modifier.py:98]: Getting D35 footprint position: (251460000, 84700000)
[board_modifier.py:98]: Getting SW36 footprint position: (270510000, 76200000)
[board_modifier.py:85]: Setting D36 footprint position: (270510000, 84700000)
[board_modifier.py:98]: Getting D36 footprint position: (270510000, 84700000)
[board_modifier.py:98]: Getting SW37 footprint position: (38100000, 95250000)
[board_modifier.py:85]: Setting D37 footprint position: (38100000, 103750000)
[board_modifier.py:98]: Getting D37 footprint position: (38100000, 103750000)
[board_modifier.py:98]: Getting SW38 footprint position: (57150000, 95250000)
[board_modifier.py:85]: Setting D38 footprint position: (57150000, 103750000)
[board_modifier.py:98]: Getting D38 footprint position: (57150000, 103750000)
[board_modifier.py:98]: Getting SW39 footprint position: (76200000, 95250000)
[board_modifier.py:85]: Setting D39 footprint position: (76200000, 103750000)
[board_modifier.py:98]: Getting D39 footprint position: (76200000, 103750000)
[board_modifier.py:98]: Getting SW40 footprint position: (95250000, 95250000)
[board_modifier.py:85]: Setting D40 footprint position: (95250000, 103750000)
[board_modifier.py:98]: Getting D40 footprint position: (95250000, 103750000)
[board_modifier.py:98]: Getting SW41 footprint position: (114300000, 95250000)
[board_modifier.py:85]: Setting D41 footprint position: (114300000, 103750000)
[board_modifier.py:98]: Getting D41 footprint position: (114300000, 103750000)
[board_modifier.py:98]: Getting SW42 footprint position: (133350000, 95250000)
[board_modifier.py:85]: Setting D42 footprint position: (133350000, 103750000)
[board_modifier.py:98]: Getting D42 footprint position: (133350000, 103750000)
[board_modifier.py:98]: Getting SW43 footprint position: (175260000, 95250000)
[board_modifier.py:85]: Setting D43 footprint position: (175260000, 103750000)
[board_modifier.py:98]: Getting D43 footprint position: (175260000, 103750000)
[board_modifier.py:98]: Getting SW44 footprint position: (194310000, 95250000)
[board_modifier.py:85]: Setting D44 footprint position: (194310000, 103750000)
[board_modifier.py:98]: Getting D44 footprint position: (194310000, 103750000)
[board_modifier.py:98]: Getting SW45 footprint position: (213360000, 95250000)
[board_modifier.py:85]: Setting D45 footprint position: (213360000, 103750000)
[board_modifier.py:98]: Getting D45 footprint position: (213360000, 103750000)
[board_modifier.py:98]: Getting SW46 footprint position: (232410000, 95250000)
[board_modifier.py:85]: Setting D46 footprint position: (232410000, 103750000)
[board_modifier.py:98]: Getting D46 footprint position: (232410000, 103750000)
[board_modifier.py:98]: Getting SW47 footprint position: (251460000, 95250000)
[board_modifier.py:85]: Setting D47 footprint position: (251460000, 103750000)
[board_modifier.py:98]: Getting D47 footprint position: (251460000, 103750000)
[board_modifier.py:98]: Getting SW48 footprint position: (270510000, 95250000)
[board_modifier.py:85]: Setting D48 footprint position: (270510000, 103750000)
[board_modifier.py:98]: Getting D48 footprint position: (270510000, 103750000)
[key_placer.py:775]: Placing additional elements for SW25
[board_modifier.py:98]: Getting SW25 footprint position: (38100000, 76200000)
[board_modifier.py:75]: Searching for optional ST25 footprint in C:\Users\az\Documents\GitHub\kb.Plain48\Plain48\Plain48.kicad_pcb
[board_modifier.py:80]: Footprint not found
[key_placer.py:775]: Placing additional elements for SW16
[board_modifier.py:98]: Getting SW16 footprint position: (95250000, 57150000)
[board_modifier.py:75]: Searching for optional ST16 footprint in C:\Users\az\Documents\GitHub\kb.Plain48\Plain48\Plain48.kicad_pcb
[board_modifier.py:80]: Footprint not found
[key_placer.py:775]: Placing additional elements for SW5
[board_modifier.py:98]: Getting SW5 footprint position: (114300000, 38100000)
[board_modifier.py:75]: Searching for optional ST5 footprint in C:\Users\az\Documents\GitHub\kb.Plain48\Plain48\Plain48.kicad_pcb
[board_modifier.py:80]: Footprint not found
[key_placer.py:775]: Placing additional elements for SW31
[board_modifier.py:98]: Getting SW31 footprint position: (175260000, 76200000)
[board_modifier.py:75]: Searching for optional ST31 footprint in C:\Users\az\Documents\GitHub\kb.Plain48\Plain48\Plain48.kicad_pcb
[board_modifier.py:80]: Footprint not found
[key_placer.py:775]: Placing additional elements for SW6
[board_modifier.py:98]: Getting SW6 footprint position: (133350000, 38100000)
[board_modifier.py:75]: Searching for optional ST6 footprint in C:\Users\az\Documents\GitHub\kb.Plain48\Plain48\Plain48.kicad_pcb
[board_modifier.py:80]: Footprint not found
[key_placer.py:775]: Placing additional elements for SW41
[board_modifier.py:98]: Getting SW41 footprint position: (114300000, 95250000)
[board_modifier.py:75]: Searching for optional ST41 footprint in C:\Users\az\Documents\GitHub\kb.Plain48\Plain48\Plain48.kicad_pcb
[board_modifier.py:80]: Footprint not found
[key_placer.py:775]: Placing additional elements for SW8
[board_modifier.py:98]: Getting SW8 footprint position: (194310000, 38100000)
[board_modifier.py:75]: Searching for optional ST8 footprint in C:\Users\az\Documents\GitHub\kb.Plain48\Plain48\Plain48.kicad_pcb
[board_modifier.py:80]: Footprint not found
[key_placer.py:775]: Placing additional elements for SW46
[board_modifier.py:98]: Getting SW46 footprint position: (232410000, 95250000)
[board_modifier.py:75]: Searching for optional ST46 footprint in C:\Users\az\Documents\GitHub\kb.Plain48\Plain48\Plain48.kicad_pcb
[board_modifier.py:80]: Footprint not found
[key_placer.py:775]: Placing additional elements for SW32
[board_modifier.py:98]: Getting SW32 footprint position: (194310000, 76200000)
[board_modifier.py:75]: Searching for optional ST32 footprint in C:\Users\az\Documents\GitHub\kb.Plain48\Plain48\Plain48.kicad_pcb
[board_modifier.py:80]: Footprint not found
[key_placer.py:775]: Placing additional elements for SW28
[board_modifier.py:98]: Getting SW28 footprint position: (95250000, 76200000)
[board_modifier.py:75]: Searching for optional ST28 footprint in C:\Users\az\Documents\GitHub\kb.Plain48\Plain48\Plain48.kicad_pcb
[board_modifier.py:80]: Footprint not found
[key_placer.py:775]: Placing additional elements for SW10
[board_modifier.py:98]: Getting SW10 footprint position: (232410000, 38100000)
[board_modifier.py:75]: Searching for optional ST10 footprint in C:\Users\az\Documents\GitHub\kb.Plain48\Plain48\Plain48.kicad_pcb
[board_modifier.py:80]: Footprint not found
[key_placer.py:775]: Placing additional elements for SW35
[board_modifier.py:98]: Getting SW35 footprint position: (251460000, 76200000)
[board_modifier.py:75]: Searching for optional ST35 footprint in C:\Users\az\Documents\GitHub\kb.Plain48\Plain48\Plain48.kicad_pcb
[board_modifier.py:80]: Footprint not found
[key_placer.py:775]: Placing additional elements for SW30
[board_modifier.py:98]: Getting SW30 footprint position: (133350000, 76200000)
[board_modifier.py:75]: Searching for optional ST30 footprint in C:\Users\az\Documents\GitHub\kb.Plain48\Plain48\Plain48.kicad_pcb
[board_modifier.py:80]: Footprint not found
[key_placer.py:775]: Placing additional elements for SW39
[board_modifier.py:98]: Getting SW39 footprint position: (76200000, 95250000)
[board_modifier.py:75]: Searching for optional ST39 footprint in C:\Users\az\Documents\GitHub\kb.Plain48\Plain48\Plain48.kicad_pcb
[board_modifier.py:80]: Footprint not found
[key_placer.py:775]: Placing additional elements for SW27
[board_modifier.py:98]: Getting SW27 footprint position: (76200000, 76200000)
[board_modifier.py:75]: Searching for optional ST27 footprint in C:\Users\az\Documents\GitHub\kb.Plain48\Plain48\Plain48.kicad_pcb
[board_modifier.py:80]: Footprint not found
[key_placer.py:775]: Placing additional elements for SW36
[board_modifier.py:98]: Getting SW36 footprint position: (270510000, 76200000)
[board_modifier.py:75]: Searching for optional ST36 footprint in C:\Users\az\Documents\GitHub\kb.Plain48\Plain48\Plain48.kicad_pcb
[board_modifier.py:80]: Footprint not found
[key_placer.py:775]: Placing additional elements for SW33
[board_modifier.py:98]: Getting SW33 footprint position: (213360000, 76200000)
[board_modifier.py:75]: Searching for optional ST33 footprint in C:\Users\az\Documents\GitHub\kb.Plain48\Plain48\Plain48.kicad_pcb
[board_modifier.py:80]: Footprint not found
[key_placer.py:775]: Placing additional elements for SW4
[board_modifier.py:98]: Getting SW4 footprint position: (95250000, 38100000)
[board_modifier.py:75]: Searching for optional ST4 footprint in C:\Users\az\Documents\GitHub\kb.Plain48\Plain48\Plain48.kicad_pcb
[board_modifier.py:80]: Footprint not found
[key_placer.py:775]: Placing additional elements for SW14
[board_modifier.py:98]: Getting SW14 footprint position: (57150000, 57150000)
[board_modifier.py:75]: Searching for optional ST14 footprint in C:\Users\az\Documents\GitHub\kb.Plain48\Plain48\Plain48.kicad_pcb
[board_modifier.py:80]: Footprint not found
[key_placer.py:775]: Placing additional elements for SW23
[board_modifier.py:98]: Getting SW23 footprint position: (251460000, 57150000)
[board_modifier.py:75]: Searching for optional ST23 footprint in C:\Users\az\Documents\GitHub\kb.Plain48\Plain48\Plain48.kicad_pcb
[board_modifier.py:80]: Footprint not found
[key_placer.py:775]: Placing additional elements for SW13
[board_modifier.py:98]: Getting SW13 footprint position: (38100000, 57150000)
[board_modifier.py:75]: Searching for optional ST13 footprint in C:\Users\az\Documents\GitHub\kb.Plain48\Plain48\Plain48.kicad_pcb
[board_modifier.py:80]: Footprint not found
[key_placer.py:775]: Placing additional elements for SW11
[board_modifier.py:98]: Getting SW11 footprint position: (251460000, 38100000)
[board_modifier.py:75]: Searching for optional ST11 footprint in C:\Users\az\Documents\GitHub\kb.Plain48\Plain48\Plain48.kicad_pcb
[board_modifier.py:80]: Footprint not found
[key_placer.py:775]: Placing additional elements for SW9
[board_modifier.py:98]: Getting SW9 footprint position: (213360000, 38100000)
[board_modifier.py:75]: Searching for optional ST9 footprint in C:\Users\az\Documents\GitHub\kb.Plain48\Plain48\Plain48.kicad_pcb
[board_modifier.py:80]: Footprint not found
[key_placer.py:775]: Placing additional elements for SW12
[board_modifier.py:98]: Getting SW12 footprint position: (270510000, 38100000)
[board_modifier.py:75]: Searching for optional ST12 footprint in C:\Users\az\Documents\GitHub\kb.Plain48\Plain48\Plain48.kicad_pcb
[board_modifier.py:80]: Footprint not found
[key_placer.py:775]: Placing additional elements for SW3
[board_modifier.py:98]: Getting SW3 footprint position: (76200000, 38100000)
[board_modifier.py:75]: Searching for optional ST3 footprint in C:\Users\az\Documents\GitHub\kb.Plain48\Plain48\Plain48.kicad_pcb
[board_modifier.py:80]: Footprint not found
[key_placer.py:775]: Placing additional elements for SW17
[board_modifier.py:98]: Getting SW17 footprint position: (114300000, 57150000)
[board_modifier.py:75]: Searching for optional ST17 footprint in C:\Users\az\Documents\GitHub\kb.Plain48\Plain48\Plain48.kicad_pcb
[board_modifier.py:80]: Footprint not found
[key_placer.py:775]: Placing additional elements for SW21
[board_modifier.py:98]: Getting SW21 footprint position: (213360000, 57150000)
[board_modifier.py:75]: Searching for optional ST21 footprint in C:\Users\az\Documents\GitHub\kb.Plain48\Plain48\Plain48.kicad_pcb
[board_modifier.py:80]: Footprint not found
[key_placer.py:775]: Placing additional elements for SW48
[board_modifier.py:98]: Getting SW48 footprint position: (270510000, 95250000)
[board_modifier.py:75]: Searching for optional ST48 footprint in C:\Users\az\Documents\GitHub\kb.Plain48\Plain48\Plain48.kicad_pcb
[board_modifier.py:80]: Footprint not found
[key_placer.py:775]: Placing additional elements for SW1
[board_modifier.py:98]: Getting SW1 footprint position: (38100000, 38100000)
[board_modifier.py:75]: Searching for optional ST1 footprint in C:\Users\az\Documents\GitHub\kb.Plain48\Plain48\Plain48.kicad_pcb
[board_modifier.py:80]: Footprint not found
[key_placer.py:775]: Placing additional elements for SW19
[board_modifier.py:98]: Getting SW19 footprint position: (175260000, 57150000)
[board_modifier.py:75]: Searching for optional ST19 footprint in C:\Users\az\Documents\GitHub\kb.Plain48\Plain48\Plain48.kicad_pcb
[board_modifier.py:80]: Footprint not found
[key_placer.py:775]: Placing additional elements for SW40
[board_modifier.py:98]: Getting SW40 footprint position: (95250000, 95250000)
[board_modifier.py:75]: Searching for optional ST40 footprint in C:\Users\az\Documents\GitHub\kb.Plain48\Plain48\Plain48.kicad_pcb
[board_modifier.py:80]: Footprint not found
[key_placer.py:775]: Placing additional elements for SW37
[board_modifier.py:98]: Getting SW37 footprint position: (38100000, 95250000)
[board_modifier.py:75]: Searching for optional ST37 footprint in C:\Users\az\Documents\GitHub\kb.Plain48\Plain48\Plain48.kicad_pcb
[board_modifier.py:80]: Footprint not found
[key_placer.py:775]: Placing additional elements for SW47
[board_modifier.py:98]: Getting SW47 footprint position: (251460000, 95250000)
[board_modifier.py:75]: Searching for optional ST47 footprint in C:\Users\az\Documents\GitHub\kb.Plain48\Plain48\Plain48.kicad_pcb
[board_modifier.py:80]: Footprint not found
[key_placer.py:775]: Placing additional elements for SW18
[board_modifier.py:98]: Getting SW18 footprint position: (133350000, 57150000)
[board_modifier.py:75]: Searching for optional ST18 footprint in C:\Users\az\Documents\GitHub\kb.Plain48\Plain48\Plain48.kicad_pcb
[board_modifier.py:80]: Footprint not found
[key_placer.py:775]: Placing additional elements for SW2
[board_modifier.py:98]: Getting SW2 footprint position: (57150000, 38100000)
[board_modifier.py:75]: Searching for optional ST2 footprint in C:\Users\az\Documents\GitHub\kb.Plain48\Plain48\Plain48.kicad_pcb
[board_modifier.py:80]: Footprint not found
[key_placer.py:775]: Placing additional elements for SW7
[board_modifier.py:98]: Getting SW7 footprint position: (175260000, 38100000)
[board_modifier.py:75]: Searching for optional ST7 footprint in C:\Users\az\Documents\GitHub\kb.Plain48\Plain48\Plain48.kicad_pcb
[board_modifier.py:80]: Footprint not found
[key_placer.py:775]: Placing additional elements for SW26
[board_modifier.py:98]: Getting SW26 footprint position: (57150000, 76200000)
[board_modifier.py:75]: Searching for optional ST26 footprint in C:\Users\az\Documents\GitHub\kb.Plain48\Plain48\Plain48.kicad_pcb
[board_modifier.py:80]: Footprint not found
[key_placer.py:775]: Placing additional elements for SW20
[board_modifier.py:98]: Getting SW20 footprint position: (194310000, 57150000)
[board_modifier.py:75]: Searching for optional ST20 footprint in C:\Users\az\Documents\GitHub\kb.Plain48\Plain48\Plain48.kicad_pcb
[board_modifier.py:80]: Footprint not found
[key_placer.py:775]: Placing additional elements for SW24
[board_modifier.py:98]: Getting SW24 footprint position: (270510000, 57150000)
[board_modifier.py:75]: Searching for optional ST24 footprint in C:\Users\az\Documents\GitHub\kb.Plain48\Plain48\Plain48.kicad_pcb
[board_modifier.py:80]: Footprint not found
[key_placer.py:775]: Placing additional elements for SW15
[board_modifier.py:98]: Getting SW15 footprint position: (76200000, 57150000)
[board_modifier.py:75]: Searching for optional ST15 footprint in C:\Users\az\Documents\GitHub\kb.Plain48\Plain48\Plain48.kicad_pcb
[board_modifier.py:80]: Footprint not found
[key_placer.py:775]: Placing additional elements for SW22
[board_modifier.py:98]: Getting SW22 footprint position: (232410000, 57150000)
[board_modifier.py:75]: Searching for optional ST22 footprint in C:\Users\az\Documents\GitHub\kb.Plain48\Plain48\Plain48.kicad_pcb
[board_modifier.py:80]: Footprint not found
[key_placer.py:775]: Placing additional elements for SW43
[board_modifier.py:98]: Getting SW43 footprint position: (175260000, 95250000)
[board_modifier.py:75]: Searching for optional ST43 footprint in C:\Users\az\Documents\GitHub\kb.Plain48\Plain48\Plain48.kicad_pcb
[board_modifier.py:80]: Footprint not found
[key_placer.py:775]: Placing additional elements for SW34
[board_modifier.py:98]: Getting SW34 footprint position: (232410000, 76200000)
[board_modifier.py:75]: Searching for optional ST34 footprint in C:\Users\az\Documents\GitHub\kb.Plain48\Plain48\Plain48.kicad_pcb
[board_modifier.py:80]: Footprint not found
[key_placer.py:775]: Placing additional elements for SW38
[board_modifier.py:98]: Getting SW38 footprint position: (57150000, 95250000)
[board_modifier.py:75]: Searching for optional ST38 footprint in C:\Users\az\Documents\GitHub\kb.Plain48\Plain48\Plain48.kicad_pcb
[board_modifier.py:80]: Footprint not found
[key_placer.py:775]: Placing additional elements for SW29
[board_modifier.py:98]: Getting SW29 footprint position: (114300000, 76200000)
[board_modifier.py:75]: Searching for optional ST29 footprint in C:\Users\az\Documents\GitHub\kb.Plain48\Plain48\Plain48.kicad_pcb
[board_modifier.py:80]: Footprint not found
[key_placer.py:775]: Placing additional elements for SW44
[board_modifier.py:98]: Getting SW44 footprint position: (194310000, 95250000)
[board_modifier.py:75]: Searching for optional ST44 footprint in C:\Users\az\Documents\GitHub\kb.Plain48\Plain48\Plain48.kicad_pcb
[board_modifier.py:80]: Footprint not found
[key_placer.py:775]: Placing additional elements for SW42
[board_modifier.py:98]: Getting SW42 footprint position: (133350000, 95250000)
[board_modifier.py:75]: Searching for optional ST42 footprint in C:\Users\az\Documents\GitHub\kb.Plain48\Plain48\Plain48.kicad_pcb
[board_modifier.py:80]: Footprint not found
[key_placer.py:775]: Placing additional elements for SW45
[board_modifier.py:98]: Getting SW45 footprint position: (213360000, 95250000)
[board_modifier.py:75]: Searching for optional ST45 footprint in C:\Users\az\Documents\GitHub\kb.Plain48\Plain48\Plain48.kicad_pcb
[board_modifier.py:80]: Footprint not found
