08-07 16:21:20 com_github_MitjaNemec_PlaceFootprints.action_place_footprints 674:Plugin executed on: 'win32'
08-07 16:21:20 com_github_MitjaNemec_PlaceFootprints.action_place_footprints 675:Plugin executed with python version: '3.11.5 (main, Jun 15 2025, 06:45:45) [MSC v.1942 64 bit (AMD64)]'
08-07 16:21:20 com_github_MitjaNemec_PlaceFootprints.action_place_footprints 676:KiCad build version: 9.0.3
08-07 16:21:20 com_github_MitjaNemec_PlaceFootprints.action_place_footprints 677:Plugin version: 4.0.1
08-07 16:21:20 com_github_MitjaNemec_PlaceFootprints.action_place_footprints 678:Frame repr: <wx._core.Frame object at 0x000001D0C2A644C0>
08-07 16:21:20 com_github_MitjaNemec_PlaceFootprints.place_footprints 121:getting a list of all footprints on board
08-07 16:21:20 com_github_MitjaNemec_PlaceFootprints.place_footprints 156:Footprint A1 on root level
08-07 16:21:20 com_github_MitjaNemec_PlaceFootprints.action_place_footprints 717:Reference footprint='H25'
08-07 16:21:21 com_github_MitjaNemec_PlaceFootprints.action_place_footprints 858:Reference designator is: H
08-07 16:21:21 com_github_MitjaNemec_PlaceFootprints.action_place_footprints 859:Reference number is: 25
08-07 16:21:21 com_github_MitjaNemec_PlaceFootprints.action_place_footprints 891:Sorted and filtered list:
['H1', 'H2', 'H3', 'H4', 'H5', 'H6', 'H7', 'H8', 'H9', 'H10', 'H11', 'H12', 'H13', 'H14', 'H15', 'H16', 'H17', 'H18', 'H19', 'H20', 'H21', 'H22', 'H23', 'H24', 'H25', 'H26', 'H27', 'H28', 'H29', 'H30', 'H31', 'H32', 'H33', 'H34', 'H35', 'H36', 'H37', 'H38', 'H39', 'H40', 'H41', 'H42', 'H43', 'H44']
08-07 16:21:21 com_github_MitjaNemec_PlaceFootprints.action_place_footprints 376:wx.Colour(240, 240, 240, 255)
08-07 16:21:37 com_github_MitjaNemec_PlaceFootprints.action_place_footprints 507:'19.05'
08-07 16:21:37 com_github_MitjaNemec_PlaceFootprints.action_place_footprints 553:Preparing config for reference linear
08-07 16:21:37 com_github_MitjaNemec_PlaceFootprints.action_place_footprints 573:Saving config file
08-07 16:21:37 com_github_MitjaNemec_PlaceFootprints.action_place_footprints 575:Saved the config file
08-07 16:21:37 com_github_MitjaNemec_PlaceFootprints.action_place_footprints 929:Footprints to place:
['H25', 'H26', 'H27', 'H28', 'H29']
08-07 16:21:37 com_github_MitjaNemec_PlaceFootprints.place_footprints 396:Starting placing with linear layout
08-07 16:21:37 com_github_MitjaNemec_PlaceFootprints.action_place_footprints 970:Placing complete
